<?xml version="1.0" encoding="UTF-8"?>
<!-- Generated by org.testng.reporters.JUnitXMLReporter -->
<testsuite ignored="0" hostname="akshaypc" failures="0" tests="4" name="Test" time="42.759" errors="0" timestamp="2025-03-23T10:55:34 IST">
  <testcase classname="testCases.TC001_RegistrationTest" name="verify_reg" time="5.246"/>
  <testcase classname="testCases.TC002_LoginTest" name="verify_Login" time="2.778"/>
  <testcase classname="testCases.TC004_LoginForgotPassTest" name="Verify_ForgotPass" time="4.026"/>
  <testcase classname="testCases.TC005_UpdatePersonalDetailsTest" name="Update_Personal_Data" time="6.554"/>
</testsuite> <!-- Test -->
