<?xml version="1.0" encoding="UTF-8"?>
<!-- Generated by org.testng.reporters.JUnitXMLReporter -->
<testsuite ignored="0" hostname="akshaypc" failures="0" tests="4" name="Test" time="19.884" errors="0" timestamp="2025-03-24T17:05:27 IST">
  <testcase classname="testCases.TC001_RegistrationTest" name="verify_reg" time="2.509"/>
  <testcase classname="testCases.TC002_LoginTest" name="verify_Login" time="1.602"/>
  <testcase classname="testCases.TC004_LoginForgotPassTest" name="Verify_ForgotPass" time="2.037"/>
  <testcase classname="testCases.TC005_UpdatePersonalDetailsTest" name="Update_Personal_Data" time="3.209"/>
</testsuite> <!-- Test -->
