<?xml version="1.0" encoding="UTF-8"?>
<!-- Generated by org.testng.reporters.JUnitXMLReporter -->
<testsuite ignored="0" hostname="akshaypc" failures="0" tests="3" name="Test" time="17.781" errors="0" timestamp="2025-02-12T10:12:50 IST">
  <testcase classname="testCases.TC001_RegistrationTest" name="verify_reg" time="3.218"/>
  <testcase classname="testCases.TC002_LoginTest" name="verify_Login" time="2.096"/>
  <testcase classname="testCases.TC004_LoginForgotPassTest" name="Verify_ForgotPass" time="2.762"/>
</testsuite> <!-- Test -->
