<?xml version="1.0" encoding="UTF-8"?>
<testsuite xmlns:xsi="http://www.w3.org/2001/XMLSchema-instance" xsi:noNamespaceSchemaLocation="https://maven.apache.org/surefire/maven-surefire-plugin/xsd/surefire-test-report.xsd" version="3.0.2" name="TestSuite" time="25.577" tests="4" errors="0" skipped="0" failures="0">
  <properties>
[...]
</properties>
  <testcase name="verify_reg" classname="testCases.TC001_RegistrationTest" time="2.724">
    <system-out><![CDATA[TC001-Test Rgistration started.....
Continue
TC001 Ended.........
]]></system-out>
    <system-err><![CDATA[SLF4J: Failed to load class "org.slf4j.impl.StaticLoggerBinder".
SLF4J: Defaulting to no-operation (NOP) logger implementation
SLF4J: See http://www.slf4j.org/codes.html#StaticLoggerBinder for further details.
Mar 24, 2025 5:26:01 PM org.openqa.selenium.devtools.CdpVersionFinder findNearestMatch
WARNING: Unable to find an exact match for CDP version 134, returning the closest version; found: 131; Please update to a Selenium version that supports CDP version 134
]]></system-err>
  </testcase>
  <testcase name="verify_Login" classname="testCases.TC002_LoginTest" time="1.785">
    <system-out><![CDATA[TC002-Test Login started.....
TC002 Ended....
]]></system-out>
    <system-err><![CDATA[Mar 24, 2025 5:26:08 PM org.openqa.selenium.devtools.CdpVersionFinder findNearestMatch
WARNING: Unable to find an exact match for CDP version 134, returning the closest version; found: 131; Please update to a Selenium version that supports CDP version 134
]]></system-err>
  </testcase>
  <testcase name="Verify_ForgotPass" classname="testCases.TC004_LoginForgotPassTest" time="2.443">
    <system-out><![CDATA[TC004-Test LoginForgotPass started.....
TC004-Test LoginForgotPass Ended.....
]]></system-out>
    <system-err><![CDATA[Mar 24, 2025 5:26:13 PM org.openqa.selenium.devtools.CdpVersionFinder findNearestMatch
WARNING: Unable to find an exact match for CDP version 134, returning the closest version; found: 131; Please update to a Selenium version that supports CDP version 134
]]></system-err>
  </testcase>
  <testcase name="Update_Personal_Data" classname="testCases.TC005_UpdatePersonalDetailsTest" time="3.643">
    <system-out><![CDATA[TC005-Test UpdatePersonal Details started.....
TC005-Test UpdatePersonal Details Ended.....
]]></system-out>
    <system-err><![CDATA[Mar 24, 2025 5:26:17 PM org.openqa.selenium.devtools.CdpVersionFinder findNearestMatch
WARNING: Unable to find an exact match for CDP version 134, returning the closest version; found: 131; Please update to a Selenium version that supports CDP version 134
]]></system-err>
  </testcase>
</testsuite>