<?xml version="1.0" encoding="UTF-8"?>
<testng-results ignored="0" total="1" passed="1" failed="0" skipped="0">
  <reporter-output>
  </reporter-output>
  <suite started-at="2025-02-13T22:51:20 IST" name="Suite" finished-at="2025-02-13T22:51:31 IST" duration-ms="11290">
    <groups>
    </groups>
    <test started-at="2025-02-13T22:51:20 IST" name="Test" finished-at="2025-02-13T22:51:31 IST" duration-ms="11290">
      <class name="testCases.TC005_UpdatePersonalDetailsTest">
        <test-method is-config="true" signature="setup(java.lang.String)[pri:0, instance:testCases.TC005_UpdatePersonalDetailsTest@4d5d943d]" started-at="2025-02-13T22:51:20 IST" name="setup" finished-at="2025-02-13T22:51:24 IST" duration-ms="4303" status="PASS">
          <params>
            <param index="0">
              <value>
                <![CDATA[chrome]]>
              </value>
            </param>
          </params>
          <reporter-output>
          </reporter-output>
        </test-method> <!-- setup -->
        <test-method signature="Update_Personal_Data()[pri:0, instance:testCases.TC005_UpdatePersonalDetailsTest@4d5d943d]" started-at="2025-02-13T22:51:24 IST" name="Update_Personal_Data" finished-at="2025-02-13T22:51:30 IST" duration-ms="6057" status="PASS">
          <reporter-output>
          </reporter-output>
        </test-method> <!-- Update_Personal_Data -->
        <test-method is-config="true" signature="tearDown()[pri:0, instance:testCases.TC005_UpdatePersonalDetailsTest@4d5d943d]" started-at="2025-02-13T22:51:30 IST" name="tearDown" finished-at="2025-02-13T22:51:31 IST" duration-ms="355" status="PASS">
          <reporter-output>
          </reporter-output>
        </test-method> <!-- tearDown -->
      </class> <!-- testCases.TC005_UpdatePersonalDetailsTest -->
    </test> <!-- Test -->
  </suite> <!-- Suite -->
</testng-results>
