<?xml version="1.0" encoding="UTF-8"?>
<testng-results ignored="0" total="2" passed="2" failed="0" skipped="0">
  <reporter-output>
  </reporter-output>
  <suite started-at="2025-02-10T09:37:18 IST" name="Suite" finished-at="2025-02-10T09:37:34 IST" duration-ms="15671">
    <groups>
      <group name="Master">
        <method signature="TC001.verify_reg()[pri:0, instance:testCases.TC001@235834f2]" name="verify_reg" class="testCases.TC001"/>
        <method signature="TC002.verify_Login()[pri:0, instance:testCases.TC002@73a1e9a9]" name="verify_Login" class="testCases.TC002"/>
      </group> <!-- Master -->
      <group name="Sanity">
        <method signature="TC001.verify_reg()[pri:0, instance:testCases.TC001@235834f2]" name="verify_reg" class="testCases.TC001"/>
      </group> <!-- Sanity -->
      <group name="Regression">
        <method signature="TC002.verify_Login()[pri:0, instance:testCases.TC002@73a1e9a9]" name="verify_Login" class="testCases.TC002"/>
      </group> <!-- Regression -->
    </groups>
    <test started-at="2025-02-10T09:37:18 IST" name="Test" finished-at="2025-02-10T09:37:34 IST" duration-ms="15671">
      <class name="testCases.TC001">
        <test-method is-config="true" signature="setup(java.lang.String)[pri:0, instance:testCases.TC001@235834f2]" started-at="2025-02-10T09:37:18 IST" name="setup" finished-at="2025-02-10T09:37:24 IST" duration-ms="5056" status="PASS">
          <params>
            <param index="0">
              <value>
                <![CDATA[chrome]]>
              </value>
            </param>
          </params>
          <reporter-output>
          </reporter-output>
        </test-method> <!-- setup -->
        <test-method signature="verify_reg()[pri:0, instance:testCases.TC001@235834f2]" started-at="2025-02-10T09:37:24 IST" name="verify_reg" finished-at="2025-02-10T09:37:27 IST" duration-ms="3615" status="PASS">
          <reporter-output>
          </reporter-output>
        </test-method> <!-- verify_reg -->
        <test-method is-config="true" signature="tearDown()[pri:0, instance:testCases.TC001@235834f2]" started-at="2025-02-10T09:37:27 IST" name="tearDown" finished-at="2025-02-10T09:37:28 IST" duration-ms="587" status="PASS">
          <reporter-output>
          </reporter-output>
        </test-method> <!-- tearDown -->
      </class> <!-- testCases.TC001 -->
      <class name="testCases.TC002">
        <test-method is-config="true" signature="setup(java.lang.String)[pri:0, instance:testCases.TC002@73a1e9a9]" started-at="2025-02-10T09:37:28 IST" name="setup" finished-at="2025-02-10T09:37:31 IST" duration-ms="3155" status="PASS">
          <params>
            <param index="0">
              <value>
                <![CDATA[chrome]]>
              </value>
            </param>
          </params>
          <reporter-output>
          </reporter-output>
        </test-method> <!-- setup -->
        <test-method signature="verify_Login()[pri:0, instance:testCases.TC002@73a1e9a9]" started-at="2025-02-10T09:37:31 IST" name="verify_Login" finished-at="2025-02-10T09:37:33 IST" duration-ms="2189" status="PASS">
          <reporter-output>
          </reporter-output>
        </test-method> <!-- verify_Login -->
        <test-method is-config="true" signature="tearDown()[pri:0, instance:testCases.TC002@73a1e9a9]" started-at="2025-02-10T09:37:33 IST" name="tearDown" finished-at="2025-02-10T09:37:34 IST" duration-ms="448" status="PASS">
          <reporter-output>
          </reporter-output>
        </test-method> <!-- tearDown -->
      </class> <!-- testCases.TC002 -->
    </test> <!-- Test -->
  </suite> <!-- Suite -->
</testng-results>
