<?xml version="1.0" encoding="UTF-8"?>
<testng-results ignored="0" total="4" passed="4" failed="0" skipped="0">
  <reporter-output>
  </reporter-output>
  <suite started-at="2025-03-23T10:54:52 IST" name="Suite" finished-at="2025-03-23T10:55:34 IST" duration-ms="42759">
    <groups>
      <group name="Master">
        <method signature="TC001_RegistrationTest.verify_reg()[pri:0, instance:testCases.TC001_RegistrationTest@1165b38]" name="verify_reg" class="testCases.TC001_RegistrationTest"/>
        <method signature="TC002_LoginTest.verify_Login()[pri:0, instance:testCases.TC002_LoginTest@7e6f74c]" name="verify_Login" class="testCases.TC002_LoginTest"/>
      </group> <!-- Master -->
      <group name="Sanity">
        <method signature="TC001_RegistrationTest.verify_reg()[pri:0, instance:testCases.TC001_RegistrationTest@1165b38]" name="verify_reg" class="testCases.TC001_RegistrationTest"/>
      </group> <!-- Sanity -->
      <group name="Regression">
        <method signature="TC002_LoginTest.verify_Login()[pri:0, instance:testCases.TC002_LoginTest@7e6f74c]" name="verify_Login" class="testCases.TC002_LoginTest"/>
      </group> <!-- Regression -->
    </groups>
    <test started-at="2025-03-23T10:54:52 IST" name="Test" finished-at="2025-03-23T10:55:34 IST" duration-ms="42759">
      <class name="testCases.TC001_RegistrationTest">
        <test-method is-config="true" signature="setup(java.lang.String)[pri:0, instance:testCases.TC001_RegistrationTest@1165b38]" started-at="2025-03-23T10:54:53 IST" name="setup" finished-at="2025-03-23T10:55:00 IST" duration-ms="7244" status="PASS">
          <params>
            <param index="0">
              <value>
                <![CDATA[chrome]]>
              </value>
            </param>
          </params>
          <reporter-output>
          </reporter-output>
        </test-method> <!-- setup -->
        <test-method signature="verify_reg()[pri:0, instance:testCases.TC001_RegistrationTest@1165b38]" started-at="2025-03-23T10:55:00 IST" name="verify_reg" finished-at="2025-03-23T10:55:05 IST" duration-ms="5246" status="PASS">
          <reporter-output>
          </reporter-output>
        </test-method> <!-- verify_reg -->
        <test-method is-config="true" signature="tearDown()[pri:0, instance:testCases.TC001_RegistrationTest@1165b38]" started-at="2025-03-23T10:55:05 IST" name="tearDown" finished-at="2025-03-23T10:55:06 IST" duration-ms="408" status="PASS">
          <reporter-output>
          </reporter-output>
        </test-method> <!-- tearDown -->
      </class> <!-- testCases.TC001_RegistrationTest -->
      <class name="testCases.TC002_LoginTest">
        <test-method is-config="true" signature="setup(java.lang.String)[pri:0, instance:testCases.TC002_LoginTest@7e6f74c]" started-at="2025-03-23T10:55:06 IST" name="setup" finished-at="2025-03-23T10:55:09 IST" duration-ms="3293" status="PASS">
          <params>
            <param index="0">
              <value>
                <![CDATA[chrome]]>
              </value>
            </param>
          </params>
          <reporter-output>
          </reporter-output>
        </test-method> <!-- setup -->
        <test-method signature="verify_Login()[pri:0, instance:testCases.TC002_LoginTest@7e6f74c]" started-at="2025-03-23T10:55:09 IST" name="verify_Login" finished-at="2025-03-23T10:55:12 IST" duration-ms="2778" status="PASS">
          <reporter-output>
          </reporter-output>
        </test-method> <!-- verify_Login -->
        <test-method is-config="true" signature="tearDown()[pri:0, instance:testCases.TC002_LoginTest@7e6f74c]" started-at="2025-03-23T10:55:12 IST" name="tearDown" finished-at="2025-03-23T10:55:12 IST" duration-ms="380" status="PASS">
          <reporter-output>
          </reporter-output>
        </test-method> <!-- tearDown -->
      </class> <!-- testCases.TC002_LoginTest -->
      <class name="testCases.TC004_LoginForgotPassTest">
        <test-method is-config="true" signature="setup(java.lang.String)[pri:0, instance:testCases.TC004_LoginForgotPassTest@dd05255]" started-at="2025-03-23T10:55:12 IST" name="setup" finished-at="2025-03-23T10:55:20 IST" duration-ms="7466" status="PASS">
          <params>
            <param index="0">
              <value>
                <![CDATA[chrome]]>
              </value>
            </param>
          </params>
          <reporter-output>
          </reporter-output>
        </test-method> <!-- setup -->
        <test-method signature="Verify_ForgotPass()[pri:0, instance:testCases.TC004_LoginForgotPassTest@dd05255]" started-at="2025-03-23T10:55:20 IST" name="Verify_ForgotPass" finished-at="2025-03-23T10:55:24 IST" duration-ms="4026" status="PASS">
          <reporter-output>
          </reporter-output>
        </test-method> <!-- Verify_ForgotPass -->
        <test-method is-config="true" signature="tearDown()[pri:0, instance:testCases.TC004_LoginForgotPassTest@dd05255]" started-at="2025-03-23T10:55:24 IST" name="tearDown" finished-at="2025-03-23T10:55:24 IST" duration-ms="334" status="PASS">
          <reporter-output>
          </reporter-output>
        </test-method> <!-- tearDown -->
      </class> <!-- testCases.TC004_LoginForgotPassTest -->
      <class name="testCases.TC005_UpdatePersonalDetailsTest">
        <test-method is-config="true" signature="setup(java.lang.String)[pri:0, instance:testCases.TC005_UpdatePersonalDetailsTest@6a78afa0]" started-at="2025-03-23T10:55:24 IST" name="setup" finished-at="2025-03-23T10:55:27 IST" duration-ms="3540" status="PASS">
          <params>
            <param index="0">
              <value>
                <![CDATA[chrome]]>
              </value>
            </param>
          </params>
          <reporter-output>
          </reporter-output>
        </test-method> <!-- setup -->
        <test-method signature="Update_Personal_Data()[pri:0, instance:testCases.TC005_UpdatePersonalDetailsTest@6a78afa0]" started-at="2025-03-23T10:55:27 IST" name="Update_Personal_Data" finished-at="2025-03-23T10:55:34 IST" duration-ms="6554" status="PASS">
          <reporter-output>
          </reporter-output>
        </test-method> <!-- Update_Personal_Data -->
        <test-method is-config="true" signature="tearDown()[pri:0, instance:testCases.TC005_UpdatePersonalDetailsTest@6a78afa0]" started-at="2025-03-23T10:55:34 IST" name="tearDown" finished-at="2025-03-23T10:55:34 IST" duration-ms="347" status="PASS">
          <reporter-output>
          </reporter-output>
        </test-method> <!-- tearDown -->
      </class> <!-- testCases.TC005_UpdatePersonalDetailsTest -->
    </test> <!-- Test -->
  </suite> <!-- Suite -->
</testng-results>
